<?xml version="1.0" encoding="UTF-8"?>
<!-- Generated by org.testng.reporters.JUnitXMLReporter -->
<testsuite ignored="0" hostname="DESKTOP-NQ2L7NS" failures="0" tests="4" name="Test" time="18.64" errors="0" timestamp="25 Jul 2023 11:15:02 GMT">
  <testcase classname="Frame_Test.ActionClass3Test" name="learnmore" time="0.696"/>
  <testcase classname="Frame_Test.ActionClass2Test" name="google" time="0.935"/>
  <testcase classname="Frame_Test.ActionClassTest" name="action" time="9.054"/>
  <testcase classname="Frame_Test.ActionClass3Test" name="learnmore" time="0.793"/>
</testsuite> <!-- Test -->
