<?xml version="1.0" encoding="UTF-8"?>
<!-- Generated by org.testng.reporters.JUnitXMLReporter -->
<testsuite hostname="DESKTOP-NQ2L7NS" ignored="0" name="Test" tests="3" failures="0" timestamp="27 Jul 2023 05:31:04 GMT" time="37.784" errors="0">
  <testcase name="action" time="7.34" classname="Frame_Test.ActionClassTest"/>
  <testcase name="google" time="1.034" classname="Frame_Test.ActionClass2Test"/>
  <testcase name="learnmore" time="0.867" classname="Frame_Test.ActionClass3Test"/>
</testsuite> <!-- Test -->
