<?xml version="1.0" encoding="UTF-8"?>
<testng-results ignored="0" total="4" passed="4" failed="0" skipped="0">
  <reporter-output>
  </reporter-output>
  <suite started-at="2023-07-25T11:14:43Z" name="Suite" finished-at="2023-07-25T11:15:02Z" duration-ms="18640">
    <groups>
    </groups>
    <test started-at="2023-07-25T11:14:43Z" name="Test" finished-at="2023-07-25T11:15:02Z" duration-ms="18640">
      <class name="Frame_Test.ActionClass3Test">
        <test-method is-config="true" signature="open()[pri:0, instance:Frame_Test.ActionClass3Test@50de186c]" started-at="2023-07-25T11:14:43Z" name="open" finished-at="2023-07-25T11:14:51Z" duration-ms="7636" status="PASS">
          <reporter-output>
          </reporter-output>
        </test-method> <!-- open -->
        <test-method signature="learnmore()[pri:0, instance:Frame_Test.ActionClass3Test@50de186c]" started-at="2023-07-25T11:14:51Z" name="learnmore" finished-at="2023-07-25T11:14:52Z" duration-ms="696" status="PASS">
          <reporter-output>
          </reporter-output>
        </test-method> <!-- learnmore -->
        <test-method is-config="true" signature="close()[pri:0, instance:Frame_Test.ActionClass3Test@50de186c]" started-at="2023-07-25T11:14:52Z" name="close" finished-at="2023-07-25T11:14:54Z" duration-ms="2317" status="PASS">
          <reporter-output>
          </reporter-output>
        </test-method> <!-- close -->
        <test-method is-config="true" signature="open()[pri:0, instance:Frame_Test.ActionClass3Test@50de186c]" started-at="2023-07-25T11:14:54Z" name="open" finished-at="2023-07-25T11:14:59Z" duration-ms="4998" status="PASS">
          <reporter-output>
          </reporter-output>
        </test-method> <!-- open -->
        <test-method signature="learnmore()[pri:0, instance:Frame_Test.ActionClass3Test@50de186c]" started-at="2023-07-25T11:14:59Z" name="learnmore" finished-at="2023-07-25T11:15:00Z" duration-ms="793" status="PASS">
          <reporter-output>
          </reporter-output>
        </test-method> <!-- learnmore -->
        <test-method is-config="true" signature="close()[pri:0, instance:Frame_Test.ActionClass3Test@50de186c]" started-at="2023-07-25T11:15:00Z" name="close" finished-at="2023-07-25T11:15:02Z" duration-ms="2158" status="PASS">
          <reporter-output>
          </reporter-output>
        </test-method> <!-- close -->
      </class> <!-- Frame_Test.ActionClass3Test -->
      <class name="Frame_Test.ActionClassTest">
        <test-method is-config="true" signature="open()[pri:0, instance:Frame_Test.ActionClassTest@457c9034]" started-at="2023-07-25T11:14:43Z" name="open" finished-at="2023-07-25T11:14:50Z" duration-ms="7157" status="PASS">
          <reporter-output>
          </reporter-output>
        </test-method> <!-- open -->
        <test-method signature="action()[pri:0, instance:Frame_Test.ActionClassTest@457c9034]" started-at="2023-07-25T11:14:50Z" name="action" finished-at="2023-07-25T11:14:59Z" duration-ms="9054" status="PASS">
          <reporter-output>
          </reporter-output>
        </test-method> <!-- action -->
        <test-method is-config="true" signature="close()[pri:0, instance:Frame_Test.ActionClassTest@457c9034]" started-at="2023-07-25T11:14:59Z" name="close" finished-at="2023-07-25T11:15:02Z" duration-ms="2284" status="PASS">
          <reporter-output>
          </reporter-output>
        </test-method> <!-- close -->
      </class> <!-- Frame_Test.ActionClassTest -->
      <class name="Frame_Test.ActionClass2Test">
        <test-method is-config="true" signature="open()[pri:0, instance:Frame_Test.ActionClass2Test@345f69f3]" started-at="2023-07-25T11:14:43Z" name="open" finished-at="2023-07-25T11:14:52Z" duration-ms="8445" status="PASS">
          <reporter-output>
          </reporter-output>
        </test-method> <!-- open -->
        <test-method signature="google()[pri:0, instance:Frame_Test.ActionClass2Test@345f69f3]" started-at="2023-07-25T11:14:52Z" name="google" finished-at="2023-07-25T11:14:53Z" duration-ms="935" status="PASS">
          <reporter-output>
          </reporter-output>
        </test-method> <!-- google -->
        <test-method is-config="true" signature="close()[pri:0, instance:Frame_Test.ActionClass2Test@345f69f3]" started-at="2023-07-25T11:14:53Z" name="close" finished-at="2023-07-25T11:14:55Z" duration-ms="2782" status="PASS">
          <reporter-output>
          </reporter-output>
        </test-method> <!-- close -->
      </class> <!-- Frame_Test.ActionClass2Test -->
    </test> <!-- Test -->
  </suite> <!-- Suite -->
</testng-results>
